0 info it worked if it ends with ok
1 verbose cli [ 'C:\\Program Files (x86)\\nodejs\\\\node.exe',
1 verbose cli   'C:\\Program Files (x86)\\nodejs\\node_modules\\npm\\bin\\npm-cli.js',
1 verbose cli   'install',
1 verbose cli   'karma-jasmine',
1 verbose cli   'karma-chrome-launcher',
1 verbose cli   'karma-qunit--save-dev' ]
2 info using npm@1.4.28
3 info using node@v0.10.38
4 verbose node symlink C:\Program Files (x86)\nodejs\\node.exe
5 verbose config Skipping project config: C:\Users\a403163/.npmrc. (matches userconfig)
6 verbose cache add [ 'karma-jasmine', null ]
7 verbose cache add name=undefined spec="karma-jasmine" args=["karma-jasmine",null]
8 verbose parsed url { protocol: null,
8 verbose parsed url   slashes: null,
8 verbose parsed url   auth: null,
8 verbose parsed url   host: null,
8 verbose parsed url   port: null,
8 verbose parsed url   hostname: null,
8 verbose parsed url   hash: null,
8 verbose parsed url   search: null,
8 verbose parsed url   query: null,
8 verbose parsed url   pathname: 'karma-jasmine',
8 verbose parsed url   path: 'karma-jasmine',
8 verbose parsed url   href: 'karma-jasmine' }
9 verbose cache add [ 'karma-chrome-launcher', null ]
10 verbose cache add name=undefined spec="karma-chrome-launcher" args=["karma-chrome-launcher",null]
11 verbose parsed url { protocol: null,
11 verbose parsed url   slashes: null,
11 verbose parsed url   auth: null,
11 verbose parsed url   host: null,
11 verbose parsed url   port: null,
11 verbose parsed url   hostname: null,
11 verbose parsed url   hash: null,
11 verbose parsed url   search: null,
11 verbose parsed url   query: null,
11 verbose parsed url   pathname: 'karma-chrome-launcher',
11 verbose parsed url   path: 'karma-chrome-launcher',
11 verbose parsed url   href: 'karma-chrome-launcher' }
12 verbose cache add [ 'karma-qunit--save-dev', null ]
13 verbose cache add name=undefined spec="karma-qunit--save-dev" args=["karma-qunit--save-dev",null]
14 verbose parsed url { protocol: null,
14 verbose parsed url   slashes: null,
14 verbose parsed url   auth: null,
14 verbose parsed url   host: null,
14 verbose parsed url   port: null,
14 verbose parsed url   hostname: null,
14 verbose parsed url   hash: null,
14 verbose parsed url   search: null,
14 verbose parsed url   query: null,
14 verbose parsed url   pathname: 'karma-qunit--save-dev',
14 verbose parsed url   path: 'karma-qunit--save-dev',
14 verbose parsed url   href: 'karma-qunit--save-dev' }
15 silly lockFile df56d5e8-karma-jasmine karma-jasmine
16 verbose lock karma-jasmine C:\Users\a403163\AppData\Roaming\npm-cache\df56d5e8-karma-jasmine.lock
17 silly lockFile 4f6bc915-karma-chrome-launcher karma-chrome-launcher
18 verbose lock karma-chrome-launcher C:\Users\a403163\AppData\Roaming\npm-cache\4f6bc915-karma-chrome-launcher.lock
19 silly lockFile c2fefd91-karma-qunit-save-dev karma-qunit--save-dev
20 verbose lock karma-qunit--save-dev C:\Users\a403163\AppData\Roaming\npm-cache\c2fefd91-karma-qunit-save-dev.lock
21 silly lockFile c2fefd91-karma-qunit-save-dev karma-qunit--save-dev
22 silly lockFile c2fefd91-karma-qunit-save-dev karma-qunit--save-dev
23 silly lockFile 4f6bc915-karma-chrome-launcher karma-chrome-launcher
24 silly lockFile 4f6bc915-karma-chrome-launcher karma-chrome-launcher
25 silly lockFile df56d5e8-karma-jasmine karma-jasmine
26 silly lockFile df56d5e8-karma-jasmine karma-jasmine
27 verbose addNamed [ 'karma-qunit--save-dev', '' ]
28 verbose addNamed [ null, '*' ]
29 silly lockFile dfc56b0e-karma-qunit-save-dev karma-qunit--save-dev@
30 verbose lock karma-qunit--save-dev@ C:\Users\a403163\AppData\Roaming\npm-cache\dfc56b0e-karma-qunit-save-dev.lock
31 verbose addNamed [ 'karma-chrome-launcher', '' ]
32 verbose addNamed [ null, '*' ]
33 silly lockFile cd66acf6-karma-chrome-launcher karma-chrome-launcher@
34 verbose lock karma-chrome-launcher@ C:\Users\a403163\AppData\Roaming\npm-cache\cd66acf6-karma-chrome-launcher.lock
35 verbose addNamed [ 'karma-jasmine', '' ]
36 verbose addNamed [ null, '*' ]
37 silly lockFile a9316641-karma-jasmine karma-jasmine@
38 verbose lock karma-jasmine@ C:\Users\a403163\AppData\Roaming\npm-cache\a9316641-karma-jasmine.lock
39 silly addNameRange { name: 'karma-qunit--save-dev', range: '*', hasData: false }
40 verbose request where is /karma-qunit--save-dev
41 verbose request registry https://registry.npmjs.org/
42 verbose request id f0b050837ac25600
43 verbose url raw /karma-qunit--save-dev
44 verbose url resolving [ 'https://registry.npmjs.org/', './karma-qunit--save-dev' ]
45 verbose url resolved https://registry.npmjs.org/karma-qunit--save-dev
46 verbose request where is https://registry.npmjs.org/karma-qunit--save-dev
47 info trying registry request attempt 1 at 18:33:36
48 http GET https://registry.npmjs.org/karma-qunit--save-dev
49 silly addNameRange { name: 'karma-chrome-launcher', range: '*', hasData: false }
50 silly addNameRange { name: 'karma-jasmine', range: '*', hasData: false }
51 verbose request where is /karma-chrome-launcher
52 verbose request registry https://registry.npmjs.org/
53 verbose url raw /karma-chrome-launcher
54 verbose url resolving [ 'https://registry.npmjs.org/', './karma-chrome-launcher' ]
55 verbose url resolved https://registry.npmjs.org/karma-chrome-launcher
56 verbose request where is https://registry.npmjs.org/karma-chrome-launcher
57 info trying registry request attempt 1 at 18:33:36
58 verbose etag "7I6D66RLSE9NSP4ZEV9Z4FS85"
59 http GET https://registry.npmjs.org/karma-chrome-launcher
60 verbose request where is /karma-jasmine
61 verbose request registry https://registry.npmjs.org/
62 verbose url raw /karma-jasmine
63 verbose url resolving [ 'https://registry.npmjs.org/', './karma-jasmine' ]
64 verbose url resolved https://registry.npmjs.org/karma-jasmine
65 verbose request where is https://registry.npmjs.org/karma-jasmine
66 info trying registry request attempt 1 at 18:33:36
67 verbose etag "9XVJZWSON2901CRCJVIEF504X"
68 http GET https://registry.npmjs.org/karma-jasmine
69 http 304 https://registry.npmjs.org/karma-chrome-launcher
70 silly registry.get cb [ 304,
70 silly registry.get   { date: 'Tue, 24 Mar 2015 17:33:36 GMT',
70 silly registry.get     server: 'Apache',
70 silly registry.get     via: '1.1 varnish',
70 silly registry.get     'last-modified': 'Tue, 24 Mar 2015 17:33:36 GMT',
70 silly registry.get     'cache-control': 'max-age=60',
70 silly registry.get     etag: '"7I6D66RLSE9NSP4ZEV9Z4FS85"',
70 silly registry.get     age: '58',
70 silly registry.get     'x-served-by': 'cache-fra1220-FRA',
70 silly registry.get     'x-cache': 'HIT',
70 silly registry.get     'x-cache-hits': '1',
70 silly registry.get     'x-timer': 'S1427218416.352026,VS0,VE0',
70 silly registry.get     vary: 'Accept',
70 silly registry.get     'content-length': '0',
70 silly registry.get     'keep-alive': 'timeout=10, max=50',
70 silly registry.get     connection: 'Keep-Alive' } ]
71 verbose etag https://registry.npmjs.org/karma-chrome-launcher from cache
72 http 304 https://registry.npmjs.org/karma-jasmine
73 silly registry.get cb [ 304,
73 silly registry.get   { date: 'Tue, 24 Mar 2015 17:33:36 GMT',
73 silly registry.get     server: 'Apache',
73 silly registry.get     via: '1.1 varnish',
73 silly registry.get     'last-modified': 'Tue, 24 Mar 2015 17:33:36 GMT',
73 silly registry.get     'cache-control': 'max-age=60',
73 silly registry.get     etag: '"9XVJZWSON2901CRCJVIEF504X"',
73 silly registry.get     age: '8',
73 silly registry.get     'x-served-by': 'cache-fra1233-FRA',
73 silly registry.get     'x-cache': 'HIT',
73 silly registry.get     'x-cache-hits': '1',
73 silly registry.get     'x-timer': 'S1427218416.356688,VS0,VE0',
73 silly registry.get     vary: 'Accept',
73 silly registry.get     'content-length': '0',
73 silly registry.get     'keep-alive': 'timeout=10, max=50',
73 silly registry.get     connection: 'Keep-Alive' } ]
74 verbose etag https://registry.npmjs.org/karma-jasmine from cache
75 silly addNameRange number 2 { name: 'karma-chrome-launcher', range: '*', hasData: true }
76 silly addNameRange versions [ 'karma-chrome-launcher',
76 silly addNameRange   [ '0.0.1',
76 silly addNameRange     '0.0.2',
76 silly addNameRange     '0.1.0',
76 silly addNameRange     '0.1.1',
76 silly addNameRange     '0.1.2',
76 silly addNameRange     '0.1.3',
76 silly addNameRange     '0.1.4',
76 silly addNameRange     '0.1.5',
76 silly addNameRange     '0.1.6',
76 silly addNameRange     '0.1.7' ] ]
77 verbose addNamed [ 'karma-chrome-launcher', '0.1.7' ]
78 verbose addNamed [ '0.1.7', '0.1.7' ]
79 silly lockFile ced0a4a4-karma-chrome-launcher-0-1-7 karma-chrome-launcher@0.1.7
80 verbose lock karma-chrome-launcher@0.1.7 C:\Users\a403163\AppData\Roaming\npm-cache\ced0a4a4-karma-chrome-launcher-0-1-7.lock
81 silly addNameRange number 2 { name: 'karma-jasmine', range: '*', hasData: true }
82 silly addNameRange versions [ 'karma-jasmine',
82 silly addNameRange   [ '0.0.1',
82 silly addNameRange     '0.0.2',
82 silly addNameRange     '0.0.3',
82 silly addNameRange     '0.1.0',
82 silly addNameRange     '0.1.1',
82 silly addNameRange     '0.1.2',
82 silly addNameRange     '0.1.3',
82 silly addNameRange     '0.1.4',
82 silly addNameRange     '0.1.5',
82 silly addNameRange     '0.2.0',
82 silly addNameRange     '0.2.1',
82 silly addNameRange     '0.2.2',
82 silly addNameRange     '0.2.3',
82 silly addNameRange     '0.3.0',
82 silly addNameRange     '0.3.1',
82 silly addNameRange     '0.3.2',
82 silly addNameRange     '0.3.3',
82 silly addNameRange     '0.3.4',
82 silly addNameRange     '0.3.5' ] ]
83 verbose addNamed [ 'karma-jasmine', '0.3.5' ]
84 verbose addNamed [ '0.3.5', '0.3.5' ]
85 silly lockFile b510234b-karma-jasmine-0-3-5 karma-jasmine@0.3.5
86 verbose lock karma-jasmine@0.3.5 C:\Users\a403163\AppData\Roaming\npm-cache\b510234b-karma-jasmine-0-3-5.lock
87 silly lockFile ced0a4a4-karma-chrome-launcher-0-1-7 karma-chrome-launcher@0.1.7
88 silly lockFile ced0a4a4-karma-chrome-launcher-0-1-7 karma-chrome-launcher@0.1.7
89 silly lockFile b510234b-karma-jasmine-0-3-5 karma-jasmine@0.3.5
90 silly lockFile b510234b-karma-jasmine-0-3-5 karma-jasmine@0.3.5
91 silly lockFile cd66acf6-karma-chrome-launcher karma-chrome-launcher@
92 silly lockFile cd66acf6-karma-chrome-launcher karma-chrome-launcher@
93 silly lockFile a9316641-karma-jasmine karma-jasmine@
94 silly lockFile a9316641-karma-jasmine karma-jasmine@
95 http 404 https://registry.npmjs.org/karma-qunit--save-dev
96 verbose headers { date: 'Tue, 24 Mar 2015 17:33:36 GMT',
96 verbose headers   server: 'CouchDB/1.5.0 (Erlang OTP/R16B03)',
96 verbose headers   'content-type': 'application/json',
96 verbose headers   'cache-control': 'max-age=0',
96 verbose headers   'content-length': '51',
96 verbose headers   'accept-ranges': 'bytes',
96 verbose headers   via: '1.1 varnish',
96 verbose headers   age: '0',
96 verbose headers   'x-served-by': 'cache-fra1237-FRA',
96 verbose headers   'x-cache': 'MISS',
96 verbose headers   'x-cache-hits': '0',
96 verbose headers   'x-timer': 'S1427218416.347580,VS0,VE186',
96 verbose headers   'keep-alive': 'timeout=10, max=50',
96 verbose headers   connection: 'Keep-Alive' }
97 silly registry.get cb [ 404,
97 silly registry.get   { date: 'Tue, 24 Mar 2015 17:33:36 GMT',
97 silly registry.get     server: 'CouchDB/1.5.0 (Erlang OTP/R16B03)',
97 silly registry.get     'content-type': 'application/json',
97 silly registry.get     'cache-control': 'max-age=0',
97 silly registry.get     'content-length': '51',
97 silly registry.get     'accept-ranges': 'bytes',
97 silly registry.get     via: '1.1 varnish',
97 silly registry.get     age: '0',
97 silly registry.get     'x-served-by': 'cache-fra1237-FRA',
97 silly registry.get     'x-cache': 'MISS',
97 silly registry.get     'x-cache-hits': '0',
97 silly registry.get     'x-timer': 'S1427218416.347580,VS0,VE186',
97 silly registry.get     'keep-alive': 'timeout=10, max=50',
97 silly registry.get     connection: 'Keep-Alive' } ]
98 silly lockFile dfc56b0e-karma-qunit-save-dev karma-qunit--save-dev@
99 silly lockFile dfc56b0e-karma-qunit-save-dev karma-qunit--save-dev@
100 error 404 404 Not Found: karma-qunit--save-dev
100 error 404
100 error 404 'karma-qunit--save-dev' is not in the npm registry.
100 error 404 You should bug the author to publish it
100 error 404
100 error 404 Note that you can also install from a
100 error 404 tarball, folder, or http url, or git url.
101 error System Windows_NT 6.1.7601
102 error command "C:\\Program Files (x86)\\nodejs\\\\node.exe" "C:\\Program Files (x86)\\nodejs\\node_modules\\npm\\bin\\npm-cli.js" "install" "karma-jasmine" "karma-chrome-launcher" "karma-qunit--save-dev"
103 error cwd C:\Users\a403163\Documents\NetBeansProjects\VierGewinntJS
104 error node -v v0.10.38
105 error npm -v 1.4.28
106 error code E404
107 verbose exit [ 1, true ]
